[35m[1mScanning dependencies of target lidar[0m
[ 50%] [32mBuilding CXX object CMakeFiles/lidar.dir/src/lidar.cpp.o[0m
[01m[K/home/joe/Documents/projects/ros_ws/src/lidar_pkg/src/lidar.cpp:[m[K In function ‘[01m[Kint main(int, char**)[m[K’:
[01m[K/home/joe/Documents/projects/ros_ws/src/lidar_pkg/src/lidar.cpp:9:14:[m[K [01;35m[Kwarning: [m[Kunused parameter ‘[01m[Kargc[m[K’ [[01;35m[K-Wunused-parameter[m[K]
    9 | int main([01;35m[Kint argc[m[K, char ** argv)
      |          [01;35m[K~~~~^~~~[m[K
[01m[K/home/joe/Documents/projects/ros_ws/src/lidar_pkg/src/lidar.cpp:9:28:[m[K [01;35m[Kwarning: [m[Kunused parameter ‘[01m[Kargv[m[K’ [[01;35m[K-Wunused-parameter[m[K]
    9 | int main(int argc, [01;35m[Kchar ** argv[m[K)
      |                    [01;35m[K~~~~~~~~^~~~[m[K
[100%] [32m[1mLinking CXX executable lidar[0m
[100%] Built target lidar
-- Install configuration: ""
-- Installing: /home/joe/Documents/projects/ros_ws/src/lidar_pkg/install/lidar_pkg/lib/lidar_pkg/lidar
-- Set runtime path of "/home/joe/Documents/projects/ros_ws/src/lidar_pkg/install/lidar_pkg/lib/lidar_pkg/lidar" to ""
-- Installing: /home/joe/Documents/projects/ros_ws/src/lidar_pkg/install/lidar_pkg/share/ament_index/resource_index/package_run_dependencies/lidar_pkg
-- Installing: /home/joe/Documents/projects/ros_ws/src/lidar_pkg/install/lidar_pkg/share/ament_index/resource_index/parent_prefix_path/lidar_pkg
-- Up-to-date: /home/joe/Documents/projects/ros_ws/src/lidar_pkg/install/lidar_pkg/share/lidar_pkg/environment/ament_prefix_path.sh
-- Installing: /home/joe/Documents/projects/ros_ws/src/lidar_pkg/install/lidar_pkg/share/lidar_pkg/environment/ament_prefix_path.dsv
-- Up-to-date: /home/joe/Documents/projects/ros_ws/src/lidar_pkg/install/lidar_pkg/share/lidar_pkg/environment/path.sh
-- Installing: /home/joe/Documents/projects/ros_ws/src/lidar_pkg/install/lidar_pkg/share/lidar_pkg/environment/path.dsv
-- Up-to-date: /home/joe/Documents/projects/ros_ws/src/lidar_pkg/install/lidar_pkg/share/lidar_pkg/local_setup.bash
-- Up-to-date: /home/joe/Documents/projects/ros_ws/src/lidar_pkg/install/lidar_pkg/share/lidar_pkg/local_setup.sh
-- Up-to-date: /home/joe/Documents/projects/ros_ws/src/lidar_pkg/install/lidar_pkg/share/lidar_pkg/local_setup.zsh
-- Installing: /home/joe/Documents/projects/ros_ws/src/lidar_pkg/install/lidar_pkg/share/lidar_pkg/local_setup.dsv
-- Installing: /home/joe/Documents/projects/ros_ws/src/lidar_pkg/install/lidar_pkg/share/lidar_pkg/package.dsv
-- Up-to-date: /home/joe/Documents/projects/ros_ws/src/lidar_pkg/install/lidar_pkg/share/ament_index/resource_index/packages/lidar_pkg
-- Up-to-date: /home/joe/Documents/projects/ros_ws/src/lidar_pkg/install/lidar_pkg/share/lidar_pkg/cmake/lidar_pkgConfig.cmake
-- Up-to-date: /home/joe/Documents/projects/ros_ws/src/lidar_pkg/install/lidar_pkg/share/lidar_pkg/cmake/lidar_pkgConfig-version.cmake
-- Installing: /home/joe/Documents/projects/ros_ws/src/lidar_pkg/install/lidar_pkg/share/lidar_pkg/package.xml
