[1.805s] DEBUG:colcon:Command line arguments: ['/home/joe/anaconda3/bin/colcon', 'build', '--packages-select', 'lidar_pkg']
[1.805s] DEBUG:colcon:Parsed command line arguments: Namespace(ament_cmake_args=None, base_paths=['.'], build_base='build', catkin_cmake_args=None, catkin_skip_building_tests=False, cmake_args=None, cmake_clean_cache=False, cmake_clean_first=False, cmake_force_configure=False, cmake_target=None, cmake_target_skip_unavailable=False, continue_on_error=False, event_handlers=None, executor='parallel', ignore_user_meta=False, install_base='install', log_base=None, log_level=None, main=<bound method BuildVerb.main of <colcon_core.verb.build.BuildVerb object at 0x7ffb50b577c0>>, merge_install=False, metas=['./colcon.meta'], packages_above=None, packages_above_and_dependencies=None, packages_above_depth=None, packages_end=None, packages_ignore=None, packages_ignore_regex=None, packages_select=['lidar_pkg'], packages_select_build_failed=False, packages_select_by_dep=None, packages_select_regex=None, packages_select_test_failures=False, packages_skip=None, packages_skip_build_finished=False, packages_skip_by_dep=None, packages_skip_regex=None, packages_skip_test_passed=False, packages_skip_up_to=None, packages_start=None, packages_up_to=None, packages_up_to_regex=None, parallel_workers=8, paths=None, symlink_install=False, test_result_base=None, verb_extension=<colcon_core.verb.build.BuildVerb object at 0x7ffb50b577c0>, verb_name='build', verb_parser=<colcon_defaults.argument_parser.defaults.DefaultArgumentsDecorator object at 0x7ffb50b654c0>)
[1.887s] Level 1:colcon.colcon_core.package_discovery:discover_packages(colcon_meta) check parameters
[1.887s] Level 1:colcon.colcon_core.package_discovery:discover_packages(recursive) check parameters
[1.887s] Level 1:colcon.colcon_core.package_discovery:discover_packages(ignore) check parameters
[1.887s] Level 1:colcon.colcon_core.package_discovery:discover_packages(path) check parameters
[1.887s] Level 1:colcon.colcon_core.package_discovery:discover_packages(colcon_meta) discover
[1.887s] Level 1:colcon.colcon_core.package_discovery:discover_packages(recursive) discover
[1.888s] INFO:colcon.colcon_core.package_discovery:Crawling recursively for packages in '/home/joe/Documents/projects/ros_ws/src/lidar_pkg'
[1.888s] Level 1:colcon.colcon_core.package_identification:_identify(.) by extensions ['ignore', 'ignore_ament_install']
[1.888s] Level 1:colcon.colcon_core.package_identification:_identify(.) by extension 'ignore'
[1.888s] Level 1:colcon.colcon_core.package_identification:_identify(.) by extension 'ignore_ament_install'
[1.888s] Level 1:colcon.colcon_core.package_identification:_identify(.) by extensions ['colcon_pkg']
[1.889s] Level 1:colcon.colcon_core.package_identification:_identify(.) by extension 'colcon_pkg'
[1.889s] Level 1:colcon.colcon_core.package_identification:_identify(.) by extensions ['colcon_meta']
[1.889s] Level 1:colcon.colcon_core.package_identification:_identify(.) by extension 'colcon_meta'
[1.889s] Level 1:colcon.colcon_core.package_identification:_identify(.) by extensions ['ros']
[1.889s] Level 1:colcon.colcon_core.package_identification:_identify(.) by extension 'ros'
[1.929s] DEBUG:colcon.colcon_core.package_identification:Package '.' with type 'ros.ament_cmake' and name 'lidar_pkg'
[1.929s] Level 1:colcon.colcon_core.package_discovery:discover_packages(recursive) using defaults
[1.930s] Level 1:colcon.colcon_core.package_discovery:discover_packages(ignore) discover
[1.930s] Level 1:colcon.colcon_core.package_discovery:discover_packages(ignore) using defaults
[1.930s] Level 1:colcon.colcon_core.package_discovery:discover_packages(path) discover
[1.930s] Level 1:colcon.colcon_core.package_discovery:discover_packages(path) using defaults
[2.107s] Level 5:colcon.colcon_core.verb:set package 'lidar_pkg' build argument 'cmake_args' from command line to 'None'
[2.107s] Level 5:colcon.colcon_core.verb:set package 'lidar_pkg' build argument 'cmake_target' from command line to 'None'
[2.107s] Level 5:colcon.colcon_core.verb:set package 'lidar_pkg' build argument 'cmake_target_skip_unavailable' from command line to 'False'
[2.108s] Level 5:colcon.colcon_core.verb:set package 'lidar_pkg' build argument 'cmake_clean_cache' from command line to 'False'
[2.108s] Level 5:colcon.colcon_core.verb:set package 'lidar_pkg' build argument 'cmake_clean_first' from command line to 'False'
[2.108s] Level 5:colcon.colcon_core.verb:set package 'lidar_pkg' build argument 'cmake_force_configure' from command line to 'False'
[2.108s] Level 5:colcon.colcon_core.verb:set package 'lidar_pkg' build argument 'ament_cmake_args' from command line to 'None'
[2.108s] Level 5:colcon.colcon_core.verb:set package 'lidar_pkg' build argument 'catkin_cmake_args' from command line to 'None'
[2.108s] Level 5:colcon.colcon_core.verb:set package 'lidar_pkg' build argument 'catkin_skip_building_tests' from command line to 'False'
[2.108s] DEBUG:colcon.colcon_core.verb:Building package 'lidar_pkg' with the following arguments: {'ament_cmake_args': None, 'build_base': '/home/joe/Documents/projects/ros_ws/src/lidar_pkg/build/lidar_pkg', 'catkin_cmake_args': None, 'catkin_skip_building_tests': False, 'cmake_args': None, 'cmake_clean_cache': False, 'cmake_clean_first': False, 'cmake_force_configure': False, 'cmake_target': None, 'cmake_target_skip_unavailable': False, 'install_base': '/home/joe/Documents/projects/ros_ws/src/lidar_pkg/install/lidar_pkg', 'merge_install': False, 'path': '/home/joe/Documents/projects/ros_ws/src/lidar_pkg', 'symlink_install': False, 'test_result_base': None}
[2.115s] INFO:colcon.colcon_core.executor:Executing jobs using 'parallel' executor
[2.163s] DEBUG:colcon.colcon_parallel_executor.executor.parallel:run_until_complete
[2.164s] INFO:colcon.colcon_ros.task.ament_cmake.build:Building ROS package in '/home/joe/Documents/projects/ros_ws/src/lidar_pkg' with build type 'ament_cmake'
[2.164s] INFO:colcon.colcon_cmake.task.cmake.build:Building CMake package in '/home/joe/Documents/projects/ros_ws/src/lidar_pkg'
[2.198s] INFO:colcon.colcon_core.plugin_system:Skipping extension 'colcon_core.shell.bat': Not used on non-Windows systems
[2.198s] INFO:colcon.colcon_core.shell:Skip shell extension 'powershell' for command environment: Not usable outside of PowerShell
[2.198s] DEBUG:colcon.colcon_core.shell:Skip shell extension 'dsv' for command environment
[2.241s] DEBUG:colcon.colcon_core.shell:Ignoring prefix path '/opt/ros/foxy'
[2.264s] DEBUG:colcon.colcon_core.event_handler.log_command:Invoking command in '/home/joe/Documents/projects/ros_ws/src/lidar_pkg/build/lidar_pkg': CMAKE_PREFIX_PATH=/opt/ros/foxy CONDA_PROMPT_MODIFIER=(base) /usr/bin/cmake /home/joe/Documents/projects/ros_ws/src/lidar_pkg -DCMAKE_INSTALL_PREFIX=/home/joe/Documents/projects/ros_ws/src/lidar_pkg/install/lidar_pkg
[4.503s] DEBUG:colcon.colcon_core.event_handler.log_command:Invoked command in '/home/joe/Documents/projects/ros_ws/src/lidar_pkg/build/lidar_pkg' returned '0': CMAKE_PREFIX_PATH=/opt/ros/foxy CONDA_PROMPT_MODIFIER=(base) /usr/bin/cmake /home/joe/Documents/projects/ros_ws/src/lidar_pkg -DCMAKE_INSTALL_PREFIX=/home/joe/Documents/projects/ros_ws/src/lidar_pkg/install/lidar_pkg
[4.504s] DEBUG:colcon.colcon_core.event_handler.log_command:Invoking command in '/home/joe/Documents/projects/ros_ws/src/lidar_pkg/build/lidar_pkg': CMAKE_PREFIX_PATH=/opt/ros/foxy CONDA_PROMPT_MODIFIER=(base) /usr/bin/cmake --build /home/joe/Documents/projects/ros_ws/src/lidar_pkg/build/lidar_pkg -- -j8 -l8
[4.874s] DEBUG:colcon.colcon_core.event_handler.log_command:Invoked command in '/home/joe/Documents/projects/ros_ws/src/lidar_pkg/build/lidar_pkg' returned '0': CMAKE_PREFIX_PATH=/opt/ros/foxy CONDA_PROMPT_MODIFIER=(base) /usr/bin/cmake --build /home/joe/Documents/projects/ros_ws/src/lidar_pkg/build/lidar_pkg -- -j8 -l8
[4.952s] DEBUG:colcon.colcon_core.event_handler.log_command:Invoking command in '/home/joe/Documents/projects/ros_ws/src/lidar_pkg/build/lidar_pkg': CMAKE_PREFIX_PATH=/opt/ros/foxy CONDA_PROMPT_MODIFIER=(base) /usr/bin/cmake --install /home/joe/Documents/projects/ros_ws/src/lidar_pkg/build/lidar_pkg
[4.976s] Level 1:colcon.colcon_core.environment:create_environment_scripts_only(lidar_pkg)
[4.982s] DEBUG:colcon.colcon_core.event_handler.log_command:Invoked command in '/home/joe/Documents/projects/ros_ws/src/lidar_pkg/build/lidar_pkg' returned '0': CMAKE_PREFIX_PATH=/opt/ros/foxy CONDA_PROMPT_MODIFIER=(base) /usr/bin/cmake --install /home/joe/Documents/projects/ros_ws/src/lidar_pkg/build/lidar_pkg
[5.013s] Level 1:colcon.colcon_core.environment:checking '/home/joe/Documents/projects/ros_ws/src/lidar_pkg/install/lidar_pkg' for CMake module files
[5.015s] Level 1:colcon.colcon_core.environment:checking '/home/joe/Documents/projects/ros_ws/src/lidar_pkg/install/lidar_pkg' for CMake config files
[5.015s] Level 1:colcon.colcon_core.shell:create_environment_hook('lidar_pkg', 'cmake_prefix_path')
[5.038s] INFO:colcon.colcon_core.shell:Creating environment hook '/home/joe/Documents/projects/ros_ws/src/lidar_pkg/install/lidar_pkg/share/lidar_pkg/hook/cmake_prefix_path.ps1'
[5.044s] INFO:colcon.colcon_core.shell:Creating environment descriptor '/home/joe/Documents/projects/ros_ws/src/lidar_pkg/install/lidar_pkg/share/lidar_pkg/hook/cmake_prefix_path.dsv'
[5.046s] INFO:colcon.colcon_core.shell:Creating environment hook '/home/joe/Documents/projects/ros_ws/src/lidar_pkg/install/lidar_pkg/share/lidar_pkg/hook/cmake_prefix_path.sh'
[5.048s] Level 1:colcon.colcon_core.environment:checking '/home/joe/Documents/projects/ros_ws/src/lidar_pkg/install/lidar_pkg/lib'
[5.049s] Level 1:colcon.colcon_core.environment:checking '/home/joe/Documents/projects/ros_ws/src/lidar_pkg/install/lidar_pkg/bin'
[5.049s] Level 1:colcon.colcon_core.environment:checking '/home/joe/Documents/projects/ros_ws/src/lidar_pkg/install/lidar_pkg/lib/pkgconfig/lidar_pkg.pc'
[5.049s] Level 1:colcon.colcon_core.environment:checking '/home/joe/Documents/projects/ros_ws/src/lidar_pkg/install/lidar_pkg/lib/python3.8/site-packages'
[5.070s] INFO:colcon.colcon_core.shell:Creating package script '/home/joe/Documents/projects/ros_ws/src/lidar_pkg/install/lidar_pkg/share/lidar_pkg/package.ps1'
[5.072s] INFO:colcon.colcon_core.shell:Creating package descriptor '/home/joe/Documents/projects/ros_ws/src/lidar_pkg/install/lidar_pkg/share/lidar_pkg/package.dsv'
[5.074s] INFO:colcon.colcon_core.shell:Creating package script '/home/joe/Documents/projects/ros_ws/src/lidar_pkg/install/lidar_pkg/share/lidar_pkg/package.sh'
[5.077s] INFO:colcon.colcon_core.shell:Creating package script '/home/joe/Documents/projects/ros_ws/src/lidar_pkg/install/lidar_pkg/share/lidar_pkg/package.bash'
[5.079s] INFO:colcon.colcon_core.shell:Creating package script '/home/joe/Documents/projects/ros_ws/src/lidar_pkg/install/lidar_pkg/share/lidar_pkg/package.zsh'
[5.082s] Level 1:colcon.colcon_core.environment:create_file_with_runtime_dependencies(/home/joe/Documents/projects/ros_ws/src/lidar_pkg/install/lidar_pkg/share/colcon-core/packages/lidar_pkg)
[5.173s] Level 1:colcon.colcon_core.environment:create_environment_scripts_only(lidar_pkg)
[5.198s] Level 1:colcon.colcon_core.environment:checking '/home/joe/Documents/projects/ros_ws/src/lidar_pkg/install/lidar_pkg' for CMake module files
[5.200s] Level 1:colcon.colcon_core.environment:checking '/home/joe/Documents/projects/ros_ws/src/lidar_pkg/install/lidar_pkg' for CMake config files
[5.201s] Level 1:colcon.colcon_core.shell:create_environment_hook('lidar_pkg', 'cmake_prefix_path')
[5.219s] INFO:colcon.colcon_core.shell:Creating environment hook '/home/joe/Documents/projects/ros_ws/src/lidar_pkg/install/lidar_pkg/share/lidar_pkg/hook/cmake_prefix_path.ps1'
[5.221s] INFO:colcon.colcon_core.shell:Creating environment descriptor '/home/joe/Documents/projects/ros_ws/src/lidar_pkg/install/lidar_pkg/share/lidar_pkg/hook/cmake_prefix_path.dsv'
[5.221s] INFO:colcon.colcon_core.shell:Creating environment hook '/home/joe/Documents/projects/ros_ws/src/lidar_pkg/install/lidar_pkg/share/lidar_pkg/hook/cmake_prefix_path.sh'
[5.223s] Level 1:colcon.colcon_core.environment:checking '/home/joe/Documents/projects/ros_ws/src/lidar_pkg/install/lidar_pkg/lib'
[5.223s] Level 1:colcon.colcon_core.environment:checking '/home/joe/Documents/projects/ros_ws/src/lidar_pkg/install/lidar_pkg/bin'
[5.223s] Level 1:colcon.colcon_core.environment:checking '/home/joe/Documents/projects/ros_ws/src/lidar_pkg/install/lidar_pkg/lib/pkgconfig/lidar_pkg.pc'
[5.223s] Level 1:colcon.colcon_core.environment:checking '/home/joe/Documents/projects/ros_ws/src/lidar_pkg/install/lidar_pkg/lib/python3.8/site-packages'
[5.244s] INFO:colcon.colcon_core.shell:Creating package script '/home/joe/Documents/projects/ros_ws/src/lidar_pkg/install/lidar_pkg/share/lidar_pkg/package.ps1'
[5.246s] INFO:colcon.colcon_core.shell:Creating package descriptor '/home/joe/Documents/projects/ros_ws/src/lidar_pkg/install/lidar_pkg/share/lidar_pkg/package.dsv'
[5.247s] INFO:colcon.colcon_core.shell:Creating package script '/home/joe/Documents/projects/ros_ws/src/lidar_pkg/install/lidar_pkg/share/lidar_pkg/package.sh'
[5.248s] INFO:colcon.colcon_core.shell:Creating package script '/home/joe/Documents/projects/ros_ws/src/lidar_pkg/install/lidar_pkg/share/lidar_pkg/package.bash'
[5.249s] INFO:colcon.colcon_core.shell:Creating package script '/home/joe/Documents/projects/ros_ws/src/lidar_pkg/install/lidar_pkg/share/lidar_pkg/package.zsh'
[5.250s] Level 1:colcon.colcon_core.environment:create_file_with_runtime_dependencies(/home/joe/Documents/projects/ros_ws/src/lidar_pkg/install/lidar_pkg/share/colcon-core/packages/lidar_pkg)
[5.252s] DEBUG:colcon.colcon_parallel_executor.executor.parallel:closing loop
[5.252s] DEBUG:colcon.colcon_parallel_executor.executor.parallel:loop closed
[5.252s] DEBUG:colcon.colcon_parallel_executor.executor.parallel:run_until_complete finished with '0'
[5.253s] DEBUG:colcon.colcon_core.event_reactor:joining thread
[5.280s] INFO:colcon.colcon_core.plugin_system:Skipping extension 'colcon_notification.desktop_notification.notify2': 'notify2' not found
[5.281s] INFO:colcon.colcon_core.plugin_system:Skipping extension 'colcon_notification.desktop_notification.terminal_notifier': Not used on non-Darwin systems
[5.281s] INFO:colcon.colcon_core.plugin_system:Skipping extension 'colcon_notification.desktop_notification.win32': Not used on non-Windows systems
[5.281s] INFO:colcon.colcon_notification.desktop_notification:Sending desktop notification using 'notify_send'
[5.382s] DEBUG:colcon.colcon_core.event_reactor:joined thread
[5.411s] INFO:colcon.colcon_core.shell:Creating prefix script '/home/joe/Documents/projects/ros_ws/src/lidar_pkg/install/local_setup.ps1'
[5.423s] INFO:colcon.colcon_core.shell:Creating prefix util module '/home/joe/Documents/projects/ros_ws/src/lidar_pkg/install/_local_setup_util_ps1.py'
[5.428s] INFO:colcon.colcon_core.shell:Creating prefix chain script '/home/joe/Documents/projects/ros_ws/src/lidar_pkg/install/setup.ps1'
[5.449s] INFO:colcon.colcon_core.shell:Creating prefix script '/home/joe/Documents/projects/ros_ws/src/lidar_pkg/install/local_setup.sh'
[5.452s] INFO:colcon.colcon_core.shell:Creating prefix util module '/home/joe/Documents/projects/ros_ws/src/lidar_pkg/install/_local_setup_util_sh.py'
[5.453s] INFO:colcon.colcon_core.shell:Creating prefix chain script '/home/joe/Documents/projects/ros_ws/src/lidar_pkg/install/setup.sh'
[5.476s] INFO:colcon.colcon_core.shell:Creating prefix script '/home/joe/Documents/projects/ros_ws/src/lidar_pkg/install/local_setup.bash'
[5.478s] INFO:colcon.colcon_core.shell:Creating prefix chain script '/home/joe/Documents/projects/ros_ws/src/lidar_pkg/install/setup.bash'
[5.500s] INFO:colcon.colcon_core.shell:Creating prefix script '/home/joe/Documents/projects/ros_ws/src/lidar_pkg/install/local_setup.zsh'
[5.502s] INFO:colcon.colcon_core.shell:Creating prefix chain script '/home/joe/Documents/projects/ros_ws/src/lidar_pkg/install/setup.zsh'
