-- The C compiler identification is GNU 9.3.0
-- The CXX compiler identification is GNU 9.3.0
-- Check for working C compiler: /usr/bin/cc
-- Check for working C compiler: /usr/bin/cc -- works
-- Detecting C compiler ABI info
-- Detecting C compiler ABI info - done
-- Detecting C compile features
-- Detecting C compile features - done
-- Check for working CXX compiler: /usr/bin/c++
-- Check for working CXX compiler: /usr/bin/c++ -- works
-- Detecting CXX compiler ABI info
-- Detecting CXX compiler ABI info - done
-- Detecting CXX compile features
-- Detecting CXX compile features - done
-- Found ament_cmake: 0.9.9 (/opt/ros/foxy/share/ament_cmake/cmake)
-- Found PythonInterp: /home/joe/anaconda3/bin/python3 (found suitable version "3.8.8", minimum required is "3") 
-- Using PYTHON_EXECUTABLE: /home/joe/anaconda3/bin/python3
-- Found ament_lint_auto: 0.9.6 (/opt/ros/foxy/share/ament_lint_auto/cmake)
-- Added test 'copyright' to check source files copyright and LICENSE
-- Added test 'cppcheck' to perform static code analysis on C / C++ code
-- Configured cppcheck include dirs: $<BUILD_INTERFACE:/home/joe/Documents/projects/ros_ws/src/lidar_pkg/include>
-- Configured cppcheck exclude dirs and/or files: 
-- Added test 'cpplint' to check C / C++ code against the Google style
-- Configured cpplint exclude dirs and/or files: 
-- Added test 'lint_cmake' to check CMake code style
-- Added test 'uncrustify' to check C / C++ code style
-- Configured uncrustify additional arguments: 
-- Added test 'xmllint' to check XML markup files
-- Configuring done
-- Generating done
-- Build files have been written to: /home/joe/Documents/projects/ros_ws/src/lidar_pkg/build/lidar_pkg
[35m[1mScanning dependencies of target lidar[0m
[ 50%] [32mBuilding CXX object CMakeFiles/lidar.dir/src/lidar.cpp.o[0m
[100%] [32m[1mLinking CXX executable lidar[0m
[100%] Built target lidar
-- Install configuration: ""
-- Installing: /home/joe/Documents/projects/ros_ws/src/lidar_pkg/install/lidar_pkg/lib/lidar_pkg/lidar
-- Installing: /home/joe/Documents/projects/ros_ws/src/lidar_pkg/install/lidar_pkg/share/ament_index/resource_index/package_run_dependencies/lidar_pkg
-- Installing: /home/joe/Documents/projects/ros_ws/src/lidar_pkg/install/lidar_pkg/share/ament_index/resource_index/parent_prefix_path/lidar_pkg
-- Installing: /home/joe/Documents/projects/ros_ws/src/lidar_pkg/install/lidar_pkg/share/lidar_pkg/environment/ament_prefix_path.sh
-- Installing: /home/joe/Documents/projects/ros_ws/src/lidar_pkg/install/lidar_pkg/share/lidar_pkg/environment/ament_prefix_path.dsv
-- Installing: /home/joe/Documents/projects/ros_ws/src/lidar_pkg/install/lidar_pkg/share/lidar_pkg/environment/path.sh
-- Installing: /home/joe/Documents/projects/ros_ws/src/lidar_pkg/install/lidar_pkg/share/lidar_pkg/environment/path.dsv
-- Installing: /home/joe/Documents/projects/ros_ws/src/lidar_pkg/install/lidar_pkg/share/lidar_pkg/local_setup.bash
-- Installing: /home/joe/Documents/projects/ros_ws/src/lidar_pkg/install/lidar_pkg/share/lidar_pkg/local_setup.sh
-- Installing: /home/joe/Documents/projects/ros_ws/src/lidar_pkg/install/lidar_pkg/share/lidar_pkg/local_setup.zsh
-- Installing: /home/joe/Documents/projects/ros_ws/src/lidar_pkg/install/lidar_pkg/share/lidar_pkg/local_setup.dsv
-- Installing: /home/joe/Documents/projects/ros_ws/src/lidar_pkg/install/lidar_pkg/share/lidar_pkg/package.dsv
-- Installing: /home/joe/Documents/projects/ros_ws/src/lidar_pkg/install/lidar_pkg/share/ament_index/resource_index/packages/lidar_pkg
-- Installing: /home/joe/Documents/projects/ros_ws/src/lidar_pkg/install/lidar_pkg/share/lidar_pkg/cmake/lidar_pkgConfig.cmake
-- Installing: /home/joe/Documents/projects/ros_ws/src/lidar_pkg/install/lidar_pkg/share/lidar_pkg/cmake/lidar_pkgConfig-version.cmake
-- Installing: /home/joe/Documents/projects/ros_ws/src/lidar_pkg/install/lidar_pkg/share/lidar_pkg/package.xml
