[0.489s] DEBUG:colcon:Command line arguments: ['/home/joe/anaconda3/bin/colcon', 'build', '--packages-select', 'lidar_pkg']
[0.490s] DEBUG:colcon:Parsed command line arguments: Namespace(ament_cmake_args=None, base_paths=['.'], build_base='build', catkin_cmake_args=None, catkin_skip_building_tests=False, cmake_args=None, cmake_clean_cache=False, cmake_clean_first=False, cmake_force_configure=False, cmake_target=None, cmake_target_skip_unavailable=False, continue_on_error=False, event_handlers=None, executor='parallel', ignore_user_meta=False, install_base='install', log_base=None, log_level=None, main=<bound method BuildVerb.main of <colcon_core.verb.build.BuildVerb object at 0x7faa5477ec10>>, merge_install=False, metas=['./colcon.meta'], packages_above=None, packages_above_and_dependencies=None, packages_above_depth=None, packages_end=None, packages_ignore=None, packages_ignore_regex=None, packages_select=['lidar_pkg'], packages_select_build_failed=False, packages_select_by_dep=None, packages_select_regex=None, packages_select_test_failures=False, packages_skip=None, packages_skip_build_finished=False, packages_skip_by_dep=None, packages_skip_regex=None, packages_skip_test_passed=False, packages_skip_up_to=None, packages_start=None, packages_up_to=None, packages_up_to_regex=None, parallel_workers=8, paths=None, symlink_install=False, test_result_base=None, verb_extension=<colcon_core.verb.build.BuildVerb object at 0x7faa5477ec10>, verb_name='build', verb_parser=<colcon_defaults.argument_parser.defaults.DefaultArgumentsDecorator object at 0x7faa5478d1c0>)
[0.520s] Level 1:colcon.colcon_core.package_discovery:discover_packages(colcon_meta) check parameters
[0.520s] Level 1:colcon.colcon_core.package_discovery:discover_packages(recursive) check parameters
[0.520s] Level 1:colcon.colcon_core.package_discovery:discover_packages(ignore) check parameters
[0.520s] Level 1:colcon.colcon_core.package_discovery:discover_packages(path) check parameters
[0.520s] Level 1:colcon.colcon_core.package_discovery:discover_packages(colcon_meta) discover
[0.521s] Level 1:colcon.colcon_core.package_discovery:discover_packages(recursive) discover
[0.521s] INFO:colcon.colcon_core.package_discovery:Crawling recursively for packages in '/home/joe/Documents/projects/ros_ws/src/lidar_pkg'
[0.521s] Level 1:colcon.colcon_core.package_identification:_identify(.) by extensions ['ignore', 'ignore_ament_install']
[0.521s] Level 1:colcon.colcon_core.package_identification:_identify(.) by extension 'ignore'
[0.521s] Level 1:colcon.colcon_core.package_identification:_identify(.) by extension 'ignore_ament_install'
[0.521s] Level 1:colcon.colcon_core.package_identification:_identify(.) by extensions ['colcon_pkg']
[0.521s] Level 1:colcon.colcon_core.package_identification:_identify(.) by extension 'colcon_pkg'
[0.521s] Level 1:colcon.colcon_core.package_identification:_identify(.) by extensions ['colcon_meta']
[0.521s] Level 1:colcon.colcon_core.package_identification:_identify(.) by extension 'colcon_meta'
[0.521s] Level 1:colcon.colcon_core.package_identification:_identify(.) by extensions ['ros']
[0.521s] Level 1:colcon.colcon_core.package_identification:_identify(.) by extension 'ros'
[0.535s] DEBUG:colcon.colcon_core.package_identification:Package '.' with type 'ros.ament_cmake' and name 'lidar_pkg'
[0.535s] Level 1:colcon.colcon_core.package_discovery:discover_packages(recursive) using defaults
[0.535s] Level 1:colcon.colcon_core.package_discovery:discover_packages(ignore) discover
[0.535s] Level 1:colcon.colcon_core.package_discovery:discover_packages(ignore) using defaults
[0.535s] Level 1:colcon.colcon_core.package_discovery:discover_packages(path) discover
[0.535s] Level 1:colcon.colcon_core.package_discovery:discover_packages(path) using defaults
[0.586s] Level 5:colcon.colcon_core.verb:set package 'lidar_pkg' build argument 'cmake_args' from command line to 'None'
[0.586s] Level 5:colcon.colcon_core.verb:set package 'lidar_pkg' build argument 'cmake_target' from command line to 'None'
[0.586s] Level 5:colcon.colcon_core.verb:set package 'lidar_pkg' build argument 'cmake_target_skip_unavailable' from command line to 'False'
[0.586s] Level 5:colcon.colcon_core.verb:set package 'lidar_pkg' build argument 'cmake_clean_cache' from command line to 'False'
[0.586s] Level 5:colcon.colcon_core.verb:set package 'lidar_pkg' build argument 'cmake_clean_first' from command line to 'False'
[0.586s] Level 5:colcon.colcon_core.verb:set package 'lidar_pkg' build argument 'cmake_force_configure' from command line to 'False'
[0.586s] Level 5:colcon.colcon_core.verb:set package 'lidar_pkg' build argument 'ament_cmake_args' from command line to 'None'
[0.586s] Level 5:colcon.colcon_core.verb:set package 'lidar_pkg' build argument 'catkin_cmake_args' from command line to 'None'
[0.586s] Level 5:colcon.colcon_core.verb:set package 'lidar_pkg' build argument 'catkin_skip_building_tests' from command line to 'False'
[0.586s] DEBUG:colcon.colcon_core.verb:Building package 'lidar_pkg' with the following arguments: {'ament_cmake_args': None, 'build_base': '/home/joe/Documents/projects/ros_ws/src/lidar_pkg/build/lidar_pkg', 'catkin_cmake_args': None, 'catkin_skip_building_tests': False, 'cmake_args': None, 'cmake_clean_cache': False, 'cmake_clean_first': False, 'cmake_force_configure': False, 'cmake_target': None, 'cmake_target_skip_unavailable': False, 'install_base': '/home/joe/Documents/projects/ros_ws/src/lidar_pkg/install/lidar_pkg', 'merge_install': False, 'path': '/home/joe/Documents/projects/ros_ws/src/lidar_pkg', 'symlink_install': False, 'test_result_base': None}
[0.588s] INFO:colcon.colcon_core.executor:Executing jobs using 'parallel' executor
[0.604s] DEBUG:colcon.colcon_parallel_executor.executor.parallel:run_until_complete
[0.605s] INFO:colcon.colcon_ros.task.ament_cmake.build:Building ROS package in '/home/joe/Documents/projects/ros_ws/src/lidar_pkg' with build type 'ament_cmake'
[0.605s] INFO:colcon.colcon_cmake.task.cmake.build:Building CMake package in '/home/joe/Documents/projects/ros_ws/src/lidar_pkg'
[0.617s] INFO:colcon.colcon_core.plugin_system:Skipping extension 'colcon_core.shell.bat': Not used on non-Windows systems
[0.618s] INFO:colcon.colcon_core.shell:Skip shell extension 'powershell' for command environment: Not usable outside of PowerShell
[0.618s] DEBUG:colcon.colcon_core.shell:Skip shell extension 'dsv' for command environment
[0.627s] DEBUG:colcon.colcon_core.shell:Ignoring prefix path '/opt/ros/foxy'
[0.641s] DEBUG:colcon.colcon_core.event_handler.log_command:Invoking command in '/home/joe/Documents/projects/ros_ws/src/lidar_pkg/build/lidar_pkg': CMAKE_PREFIX_PATH=${CMAKE_PREFIX_PATH}:/opt/ros/foxy CONDA_PROMPT_MODIFIER=(base) /usr/bin/cmake --build /home/joe/Documents/projects/ros_ws/src/lidar_pkg/build/lidar_pkg -- -j8 -l8
[10.639s] DEBUG:colcon.colcon_core.event_handler.log_command:Invoked command in '/home/joe/Documents/projects/ros_ws/src/lidar_pkg/build/lidar_pkg' returned '0': CMAKE_PREFIX_PATH=${CMAKE_PREFIX_PATH}:/opt/ros/foxy CONDA_PROMPT_MODIFIER=(base) /usr/bin/cmake --build /home/joe/Documents/projects/ros_ws/src/lidar_pkg/build/lidar_pkg -- -j8 -l8
[10.680s] DEBUG:colcon.colcon_core.event_handler.log_command:Invoking command in '/home/joe/Documents/projects/ros_ws/src/lidar_pkg/build/lidar_pkg': CMAKE_PREFIX_PATH=${CMAKE_PREFIX_PATH}:/opt/ros/foxy CONDA_PROMPT_MODIFIER=(base) /usr/bin/cmake --install /home/joe/Documents/projects/ros_ws/src/lidar_pkg/build/lidar_pkg
[10.694s] Level 1:colcon.colcon_core.environment:create_environment_scripts_only(lidar_pkg)
[10.697s] DEBUG:colcon.colcon_core.event_handler.log_command:Invoked command in '/home/joe/Documents/projects/ros_ws/src/lidar_pkg/build/lidar_pkg' returned '0': CMAKE_PREFIX_PATH=${CMAKE_PREFIX_PATH}:/opt/ros/foxy CONDA_PROMPT_MODIFIER=(base) /usr/bin/cmake --install /home/joe/Documents/projects/ros_ws/src/lidar_pkg/build/lidar_pkg
[10.706s] Level 1:colcon.colcon_core.environment:checking '/home/joe/Documents/projects/ros_ws/src/lidar_pkg/install/lidar_pkg' for CMake module files
[10.706s] Level 1:colcon.colcon_core.environment:checking '/home/joe/Documents/projects/ros_ws/src/lidar_pkg/install/lidar_pkg' for CMake config files
[10.707s] Level 1:colcon.colcon_core.shell:create_environment_hook('lidar_pkg', 'cmake_prefix_path')
[10.714s] INFO:colcon.colcon_core.shell:Creating environment hook '/home/joe/Documents/projects/ros_ws/src/lidar_pkg/install/lidar_pkg/share/lidar_pkg/hook/cmake_prefix_path.ps1'
[10.715s] INFO:colcon.colcon_core.shell:Creating environment descriptor '/home/joe/Documents/projects/ros_ws/src/lidar_pkg/install/lidar_pkg/share/lidar_pkg/hook/cmake_prefix_path.dsv'
[10.715s] INFO:colcon.colcon_core.shell:Creating environment hook '/home/joe/Documents/projects/ros_ws/src/lidar_pkg/install/lidar_pkg/share/lidar_pkg/hook/cmake_prefix_path.sh'
[10.716s] Level 1:colcon.colcon_core.environment:checking '/home/joe/Documents/projects/ros_ws/src/lidar_pkg/install/lidar_pkg/lib'
[10.716s] Level 1:colcon.colcon_core.environment:checking '/home/joe/Documents/projects/ros_ws/src/lidar_pkg/install/lidar_pkg/bin'
[10.717s] Level 1:colcon.colcon_core.environment:checking '/home/joe/Documents/projects/ros_ws/src/lidar_pkg/install/lidar_pkg/lib/pkgconfig/lidar_pkg.pc'
[10.717s] Level 1:colcon.colcon_core.environment:checking '/home/joe/Documents/projects/ros_ws/src/lidar_pkg/install/lidar_pkg/lib/python3.8/site-packages'
[10.724s] INFO:colcon.colcon_core.shell:Creating package script '/home/joe/Documents/projects/ros_ws/src/lidar_pkg/install/lidar_pkg/share/lidar_pkg/package.ps1'
[10.724s] INFO:colcon.colcon_core.shell:Creating package descriptor '/home/joe/Documents/projects/ros_ws/src/lidar_pkg/install/lidar_pkg/share/lidar_pkg/package.dsv'
[10.725s] INFO:colcon.colcon_core.shell:Creating package script '/home/joe/Documents/projects/ros_ws/src/lidar_pkg/install/lidar_pkg/share/lidar_pkg/package.sh'
[10.726s] INFO:colcon.colcon_core.shell:Creating package script '/home/joe/Documents/projects/ros_ws/src/lidar_pkg/install/lidar_pkg/share/lidar_pkg/package.bash'
[10.726s] INFO:colcon.colcon_core.shell:Creating package script '/home/joe/Documents/projects/ros_ws/src/lidar_pkg/install/lidar_pkg/share/lidar_pkg/package.zsh'
[10.727s] Level 1:colcon.colcon_core.environment:create_file_with_runtime_dependencies(/home/joe/Documents/projects/ros_ws/src/lidar_pkg/install/lidar_pkg/share/colcon-core/packages/lidar_pkg)
[10.764s] Level 1:colcon.colcon_core.environment:create_environment_scripts_only(lidar_pkg)
[10.773s] Level 1:colcon.colcon_core.environment:checking '/home/joe/Documents/projects/ros_ws/src/lidar_pkg/install/lidar_pkg' for CMake module files
[10.774s] Level 1:colcon.colcon_core.environment:checking '/home/joe/Documents/projects/ros_ws/src/lidar_pkg/install/lidar_pkg' for CMake config files
[10.775s] Level 1:colcon.colcon_core.shell:create_environment_hook('lidar_pkg', 'cmake_prefix_path')
[10.784s] INFO:colcon.colcon_core.shell:Creating environment hook '/home/joe/Documents/projects/ros_ws/src/lidar_pkg/install/lidar_pkg/share/lidar_pkg/hook/cmake_prefix_path.ps1'
[10.785s] INFO:colcon.colcon_core.shell:Creating environment descriptor '/home/joe/Documents/projects/ros_ws/src/lidar_pkg/install/lidar_pkg/share/lidar_pkg/hook/cmake_prefix_path.dsv'
[10.785s] INFO:colcon.colcon_core.shell:Creating environment hook '/home/joe/Documents/projects/ros_ws/src/lidar_pkg/install/lidar_pkg/share/lidar_pkg/hook/cmake_prefix_path.sh'
[10.786s] Level 1:colcon.colcon_core.environment:checking '/home/joe/Documents/projects/ros_ws/src/lidar_pkg/install/lidar_pkg/lib'
[10.786s] Level 1:colcon.colcon_core.environment:checking '/home/joe/Documents/projects/ros_ws/src/lidar_pkg/install/lidar_pkg/bin'
[10.786s] Level 1:colcon.colcon_core.environment:checking '/home/joe/Documents/projects/ros_ws/src/lidar_pkg/install/lidar_pkg/lib/pkgconfig/lidar_pkg.pc'
[10.786s] Level 1:colcon.colcon_core.environment:checking '/home/joe/Documents/projects/ros_ws/src/lidar_pkg/install/lidar_pkg/lib/python3.8/site-packages'
[10.794s] INFO:colcon.colcon_core.shell:Creating package script '/home/joe/Documents/projects/ros_ws/src/lidar_pkg/install/lidar_pkg/share/lidar_pkg/package.ps1'
[10.795s] INFO:colcon.colcon_core.shell:Creating package descriptor '/home/joe/Documents/projects/ros_ws/src/lidar_pkg/install/lidar_pkg/share/lidar_pkg/package.dsv'
[10.796s] INFO:colcon.colcon_core.shell:Creating package script '/home/joe/Documents/projects/ros_ws/src/lidar_pkg/install/lidar_pkg/share/lidar_pkg/package.sh'
[10.796s] INFO:colcon.colcon_core.shell:Creating package script '/home/joe/Documents/projects/ros_ws/src/lidar_pkg/install/lidar_pkg/share/lidar_pkg/package.bash'
[10.797s] INFO:colcon.colcon_core.shell:Creating package script '/home/joe/Documents/projects/ros_ws/src/lidar_pkg/install/lidar_pkg/share/lidar_pkg/package.zsh'
[10.797s] Level 1:colcon.colcon_core.environment:create_file_with_runtime_dependencies(/home/joe/Documents/projects/ros_ws/src/lidar_pkg/install/lidar_pkg/share/colcon-core/packages/lidar_pkg)
[10.797s] DEBUG:colcon.colcon_parallel_executor.executor.parallel:closing loop
[10.798s] DEBUG:colcon.colcon_parallel_executor.executor.parallel:loop closed
[10.798s] DEBUG:colcon.colcon_parallel_executor.executor.parallel:run_until_complete finished with '0'
[10.798s] DEBUG:colcon.colcon_core.event_reactor:joining thread
[10.807s] INFO:colcon.colcon_core.plugin_system:Skipping extension 'colcon_notification.desktop_notification.notify2': 'notify2' not found
[10.807s] INFO:colcon.colcon_core.plugin_system:Skipping extension 'colcon_notification.desktop_notification.terminal_notifier': Not used on non-Darwin systems
[10.807s] INFO:colcon.colcon_core.plugin_system:Skipping extension 'colcon_notification.desktop_notification.win32': Not used on non-Windows systems
[10.807s] INFO:colcon.colcon_notification.desktop_notification:Sending desktop notification using 'notify_send'
[10.839s] DEBUG:colcon.colcon_core.event_reactor:joined thread
[10.850s] INFO:colcon.colcon_core.shell:Creating prefix script '/home/joe/Documents/projects/ros_ws/src/lidar_pkg/install/local_setup.ps1'
[10.852s] INFO:colcon.colcon_core.shell:Creating prefix util module '/home/joe/Documents/projects/ros_ws/src/lidar_pkg/install/_local_setup_util_ps1.py'
[10.853s] INFO:colcon.colcon_core.shell:Creating prefix chain script '/home/joe/Documents/projects/ros_ws/src/lidar_pkg/install/setup.ps1'
[10.861s] INFO:colcon.colcon_core.shell:Creating prefix script '/home/joe/Documents/projects/ros_ws/src/lidar_pkg/install/local_setup.sh'
[10.862s] INFO:colcon.colcon_core.shell:Creating prefix util module '/home/joe/Documents/projects/ros_ws/src/lidar_pkg/install/_local_setup_util_sh.py'
[10.863s] INFO:colcon.colcon_core.shell:Creating prefix chain script '/home/joe/Documents/projects/ros_ws/src/lidar_pkg/install/setup.sh'
[10.873s] INFO:colcon.colcon_core.shell:Creating prefix script '/home/joe/Documents/projects/ros_ws/src/lidar_pkg/install/local_setup.bash'
[10.874s] INFO:colcon.colcon_core.shell:Creating prefix chain script '/home/joe/Documents/projects/ros_ws/src/lidar_pkg/install/setup.bash'
[10.883s] INFO:colcon.colcon_core.shell:Creating prefix script '/home/joe/Documents/projects/ros_ws/src/lidar_pkg/install/local_setup.zsh'
[10.884s] INFO:colcon.colcon_core.shell:Creating prefix chain script '/home/joe/Documents/projects/ros_ws/src/lidar_pkg/install/setup.zsh'
